04/27/23 01:15:49 PM: INFO: Information
04/27/23 01:16:04 PM: INFO: Information
04/27/23 01:16:06 PM: INFO: ====== WebDriver manager ======
04/27/23 01:16:07 PM: INFO: Current google-chrome version is 112.0.5615
04/27/23 01:16:07 PM: INFO: Get LATEST chromedriver version for 112.0.5615 google-chrome
04/27/23 01:16:08 PM: INFO: There is no [win32] chromedriver for browser 112.0.5615 in cache
04/27/23 01:16:08 PM: INFO: About to download new driver from https://chromedriver.storage.googleapis.com/112.0.5615.49/chromedriver_win32.zip
04/27/23 01:16:09 PM: INFO: Driver has been saved in cache [C:\Users\taranums\.wdm\drivers\chromedriver\win32\112.0.5615.49]
04/27/23 01:20:11 PM: INFO: Information
04/27/23 01:20:13 PM: INFO: ====== WebDriver manager ======
04/27/23 01:20:14 PM: INFO: Current google-chrome version is 112.0.5615
04/27/23 01:20:14 PM: INFO: Get LATEST chromedriver version for 112.0.5615 google-chrome
04/27/23 01:20:14 PM: INFO: Driver [C:\Users\taranums\.wdm\drivers\chromedriver\win32\112.0.5615.49\chromedriver.exe] found in cache
04/27/23 01:22:03 PM: INFO: Information
04/27/23 01:22:06 PM: INFO: ====== WebDriver manager ======
04/27/23 01:22:06 PM: INFO: Current google-chrome version is 112.0.5615
04/27/23 01:22:06 PM: INFO: Get LATEST chromedriver version for 112.0.5615 google-chrome
04/27/23 01:22:07 PM: INFO: Driver [C:\Users\taranums\.wdm\drivers\chromedriver\win32\112.0.5615.49\chromedriver.exe] found in cache
04/27/23 01:24:04 PM: INFO: Information
04/27/23 01:24:06 PM: INFO: ====== WebDriver manager ======
04/27/23 01:24:07 PM: INFO: Current google-chrome version is 112.0.5615
04/27/23 01:24:07 PM: INFO: Get LATEST chromedriver version for 112.0.5615 google-chrome
04/27/23 01:24:07 PM: INFO: Driver [C:\Users\taranums\.wdm\drivers\chromedriver\win32\112.0.5615.49\chromedriver.exe] found in cache
04/27/23 01:24:16 PM: INFO: ***********  Entering Username **********************
04/27/23 01:24:20 PM: INFO: ***********  Entering Username **********************
11/01/24 11:21:29 AM: INFO: Information
11/01/24 11:22:16 AM: INFO: Information
11/01/24 11:47:39 AM: INFO: Information
11/01/24 11:49:33 AM: INFO: Information
11/01/24 11:50:38 AM: INFO: Information
11/01/24 11:54:07 AM: INFO: Information
11/01/24 11:55:20 AM: INFO: Information
11/01/24 08:51:53 PM: INFO: Information
11/01/24 08:52:05 PM: INFO: ***********  Click Element **********************
11/01/24 08:52:08 PM: INFO: ***********  Click Element **********************
11/01/24 08:52:11 PM: INFO: ***********  Click Element **********************
11/01/24 08:55:06 PM: INFO: Information
11/01/24 08:55:17 PM: INFO: ***********  Click Element **********************
11/01/24 08:56:29 PM: INFO: Information
11/01/24 08:56:41 PM: INFO: ***********  Click Element **********************
11/01/24 08:56:45 PM: INFO: ***********  Enter Name **********************
11/01/24 08:56:58 PM: INFO: ***********  Click Element **********************
11/01/24 08:57:11 PM: INFO: ***********  Click Element **********************
11/01/24 09:08:36 PM: INFO: Information
11/01/24 09:08:48 PM: INFO: ***********  Click Element **********************
11/01/24 09:10:45 PM: INFO: Information
11/01/24 09:10:56 PM: INFO: ***********  Click Element **********************
11/01/24 09:11:01 PM: INFO: ***********  Click Textbox *********************
11/01/24 09:11:14 PM: INFO: ***********  Click Textbox *********************
11/01/24 09:13:52 PM: INFO: Information
11/01/24 09:14:03 PM: INFO: ***********  Click Element **********************
11/01/24 09:14:06 PM: INFO: ***********  Click Textbox *********************
11/01/24 09:14:20 PM: INFO: ***********  Click Textbox *********************
11/01/24 09:14:33 PM: INFO: ***********  Click Textbox *********************
11/01/24 09:16:36 PM: INFO: Information
11/01/24 09:16:45 PM: INFO: ***********  Click Element **********************
11/01/24 09:16:49 PM: INFO: ***********  Click Textbox *********************
11/01/24 09:17:02 PM: INFO: ***********  Click Textbox *********************
11/01/24 09:17:15 PM: INFO: ***********  Click Textbox *********************
11/01/24 09:24:30 PM: INFO: Information
11/01/24 09:24:38 PM: INFO: ***********  Click Element **********************
11/01/24 09:24:41 PM: INFO: ***********  Click Textbox *********************
11/01/24 09:24:55 PM: INFO: ***********  Click Textbox *********************
11/01/24 09:26:05 PM: INFO: Information
11/01/24 09:26:13 PM: INFO: ***********  Click Element **********************
11/01/24 09:26:17 PM: INFO: ***********  Click Textbox *********************
11/01/24 09:26:31 PM: INFO: ***********  Click Textbox *********************
11/01/24 09:30:27 PM: INFO: Information
11/01/24 09:30:35 PM: INFO: ***********  Click Element **********************
11/01/24 09:30:39 PM: INFO: ***********  Click Textbox *********************
11/01/24 09:30:53 PM: INFO: ***********  Click Textbox *********************
11/01/24 09:33:13 PM: INFO: Information
11/01/24 09:33:21 PM: INFO: ***********  Click Element **********************
11/01/24 09:33:26 PM: INFO: ***********  Click Textbox *********************
11/01/24 09:33:39 PM: INFO: ***********  Click Textbox *********************
11/01/24 09:36:41 PM: INFO: Information
11/01/24 09:36:49 PM: INFO: ***********  Click Element **********************
11/01/24 09:36:55 PM: INFO: ***********  Click Textbox *********************
11/01/24 09:37:09 PM: INFO: ***********  Click Textbox *********************
11/01/24 09:37:53 PM: INFO: Information
11/01/24 09:38:08 PM: INFO: ***********  Click Element **********************
11/01/24 09:38:14 PM: INFO: ***********  Click Textbox *********************
11/01/24 09:38:27 PM: INFO: ***********  Click Textbox *********************
11/01/24 09:40:10 PM: INFO: Information
11/01/24 09:40:24 PM: INFO: ***********  Click Element **********************
11/01/24 09:40:27 PM: INFO: ***********  Click Textbox *********************
11/01/24 09:40:40 PM: INFO: ***********  Click Textbox *********************
11/01/24 09:42:28 PM: INFO: Information
11/01/24 09:42:42 PM: INFO: ***********  Click Element **********************
11/01/24 09:42:48 PM: INFO: ***********  Click Textbox *********************
11/01/24 09:42:51 PM: INFO: ***********  Enter Name **********************
11/01/24 09:42:54 PM: INFO: ***********  Enter Email **********************
11/01/24 09:42:58 PM: INFO: ***********  Enter Current Address **********************
11/01/24 09:43:01 PM: INFO: ***********  Enter Permanent Address **********************
11/01/24 09:43:05 PM: INFO: ***********  Click Textbox *********************
11/01/24 09:43:08 PM: INFO: ***********  Enter Name **********************
11/01/24 09:43:12 PM: INFO: ***********  Enter Email **********************
11/01/24 09:43:15 PM: INFO: ***********  Enter Current Address **********************
11/01/24 09:43:18 PM: INFO: ***********  Enter Permanent Address **********************
11/01/24 09:43:22 PM: INFO: ***********  Click Textbox *********************
11/01/24 09:43:26 PM: INFO: ***********  Enter Name **********************
11/01/24 09:43:29 PM: INFO: ***********  Enter Email **********************
11/01/24 09:43:32 PM: INFO: ***********  Enter Current Address **********************
11/01/24 09:43:35 PM: INFO: ***********  Enter Permanent Address **********************
11/01/24 09:46:42 PM: INFO: Information
11/01/24 09:46:56 PM: INFO: ***********  Click Element **********************
11/01/24 09:47:02 PM: INFO: ***********  Click Textbox *********************
11/01/24 09:47:05 PM: INFO: ***********  Enter Name **********************
11/01/24 09:47:08 PM: INFO: ***********  Enter Email **********************
11/01/24 09:47:12 PM: INFO: ***********  Enter Current Address **********************
11/01/24 09:47:15 PM: INFO: ***********  Enter Permanent Address **********************
11/01/24 09:47:22 PM: INFO: ***********  Click Textbox *********************
11/01/24 09:47:26 PM: INFO: ***********  Enter Name **********************
11/01/24 09:47:29 PM: INFO: ***********  Enter Email **********************
11/01/24 09:47:32 PM: INFO: ***********  Enter Current Address **********************
11/01/24 09:47:35 PM: INFO: ***********  Enter Permanent Address **********************
11/01/24 09:47:49 PM: INFO: ***********  Click Textbox *********************
11/01/24 09:47:52 PM: INFO: ***********  Enter Name **********************
11/01/24 09:47:57 PM: INFO: ***********  Enter Email **********************
11/01/24 09:48:00 PM: INFO: ***********  Enter Current Address **********************
11/01/24 09:48:03 PM: INFO: ***********  Enter Permanent Address **********************
11/01/24 09:49:15 PM: INFO: Information
11/01/24 09:49:29 PM: INFO: ***********  Click Element **********************
11/01/24 09:49:35 PM: INFO: ***********  Click Textbox *********************
11/01/24 09:49:39 PM: INFO: ***********  Enter Name **********************
11/01/24 09:49:42 PM: INFO: ***********  Enter Email **********************
11/01/24 09:49:45 PM: INFO: ***********  Enter Current Address **********************
11/01/24 09:49:48 PM: INFO: ***********  Enter Permanent Address **********************
11/01/24 09:50:02 PM: INFO: ***********  Click Textbox *********************
11/01/24 09:50:05 PM: INFO: ***********  Enter Name **********************
11/01/24 09:50:09 PM: INFO: ***********  Enter Email **********************
11/01/24 09:50:12 PM: INFO: ***********  Enter Current Address **********************
11/01/24 09:50:15 PM: INFO: ***********  Enter Permanent Address **********************
11/01/24 09:50:28 PM: INFO: ***********  Click Textbox *********************
11/01/24 09:50:32 PM: INFO: ***********  Enter Name **********************
11/01/24 09:50:35 PM: INFO: ***********  Enter Email **********************
11/01/24 09:50:38 PM: INFO: ***********  Enter Current Address **********************
11/01/24 09:50:41 PM: INFO: ***********  Enter Permanent Address **********************
11/02/24 10:35:44 PM: INFO: Information
11/02/24 10:36:00 PM: INFO: ***********  Click Element **********************
11/02/24 10:36:06 PM: INFO: ***********  Click Textbox *********************
11/02/24 10:36:11 PM: INFO: ***********  Enter Name **********************
11/02/24 10:36:15 PM: INFO: ***********  Enter Email **********************
11/02/24 10:36:18 PM: INFO: ***********  Enter Current Address **********************
11/02/24 10:36:21 PM: INFO: ***********  Enter Permanent Address **********************
11/02/24 10:36:29 PM: INFO: ***********  Click Textbox *********************
11/02/24 10:36:33 PM: INFO: ***********  Enter Name **********************
11/02/24 10:36:36 PM: INFO: ***********  Enter Email **********************
11/02/24 10:36:40 PM: INFO: ***********  Enter Current Address **********************
11/02/24 10:36:43 PM: INFO: ***********  Enter Permanent Address **********************
11/02/24 10:36:51 PM: INFO: ***********  Click Textbox *********************
11/02/24 10:36:55 PM: INFO: ***********  Enter Name **********************
11/02/24 10:36:58 PM: INFO: ***********  Enter Email **********************
11/02/24 10:37:01 PM: INFO: ***********  Enter Current Address **********************
11/02/24 10:37:04 PM: INFO: ***********  Enter Permanent Address **********************
11/02/24 10:38:54 PM: INFO: Information
11/02/24 10:39:09 PM: INFO: ***********  Click Element **********************
11/02/24 10:39:15 PM: INFO: ***********  Click Textbox *********************
11/02/24 10:39:19 PM: INFO: ***********  Enter Name **********************
11/02/24 10:39:23 PM: INFO: ***********  Enter Email **********************
11/02/24 10:39:26 PM: INFO: ***********  Enter Current Address **********************
11/02/24 10:39:30 PM: INFO: ***********  Enter Permanent Address **********************
11/02/24 10:39:37 PM: INFO: ***********  Click Textbox *********************
11/02/24 10:39:41 PM: INFO: ***********  Enter Name **********************
11/02/24 10:39:44 PM: INFO: ***********  Enter Email **********************
11/02/24 10:39:48 PM: INFO: ***********  Enter Current Address **********************
11/02/24 10:39:51 PM: INFO: ***********  Enter Permanent Address **********************
11/02/24 10:39:59 PM: INFO: ***********  Click Textbox *********************
11/02/24 10:40:03 PM: INFO: ***********  Enter Name **********************
11/02/24 10:40:06 PM: INFO: ***********  Enter Email **********************
11/02/24 10:40:10 PM: INFO: ***********  Enter Current Address **********************
11/02/24 10:40:13 PM: INFO: ***********  Enter Permanent Address **********************
11/02/24 10:41:41 PM: INFO: Information
11/02/24 10:41:56 PM: INFO: ***********  Click Element **********************
11/02/24 10:42:02 PM: INFO: ***********  Click Textbox *********************
11/02/24 10:42:06 PM: INFO: ***********  Enter Name **********************
11/02/24 10:42:09 PM: INFO: ***********  Enter Email **********************
11/02/24 10:42:13 PM: INFO: ***********  Enter Current Address **********************
11/02/24 10:42:16 PM: INFO: ***********  Enter Permanent Address **********************
11/02/24 10:42:35 PM: INFO: ***********  Click Textbox *********************
11/02/24 10:42:38 PM: INFO: ***********  Enter Name **********************
11/02/24 10:42:42 PM: INFO: ***********  Enter Email **********************
11/02/24 10:42:45 PM: INFO: ***********  Enter Current Address **********************
11/02/24 10:42:49 PM: INFO: ***********  Enter Permanent Address **********************
11/02/24 10:43:07 PM: INFO: ***********  Click Textbox *********************
11/02/24 10:43:11 PM: INFO: ***********  Enter Name **********************
11/02/24 10:43:14 PM: INFO: ***********  Enter Email **********************
11/02/24 10:43:17 PM: INFO: ***********  Enter Current Address **********************
11/02/24 10:43:21 PM: INFO: ***********  Enter Permanent Address **********************
11/02/24 10:49:41 PM: INFO: Information
11/02/24 10:49:56 PM: INFO: ***********  Click Element **********************
11/02/24 10:50:02 PM: INFO: ***********  Click Textbox *********************
11/02/24 10:50:06 PM: INFO: ***********  Enter Name **********************
11/02/24 10:50:10 PM: INFO: ***********  Enter Email **********************
11/02/24 10:50:13 PM: INFO: ***********  Enter Current Address **********************
11/02/24 10:50:16 PM: INFO: ***********  Enter Permanent Address **********************
11/02/24 10:50:35 PM: INFO: ***********  Click Textbox *********************
11/02/24 10:50:39 PM: INFO: ***********  Enter Name **********************
11/02/24 10:50:42 PM: INFO: ***********  Enter Email **********************
11/02/24 10:50:46 PM: INFO: ***********  Enter Current Address **********************
11/02/24 10:50:49 PM: INFO: ***********  Enter Permanent Address **********************
11/02/24 10:51:08 PM: INFO: ***********  Click Textbox *********************
11/02/24 10:51:12 PM: INFO: ***********  Enter Name **********************
11/02/24 10:51:15 PM: INFO: ***********  Enter Email **********************
11/02/24 10:51:18 PM: INFO: ***********  Enter Current Address **********************
11/02/24 10:51:21 PM: INFO: ***********  Enter Permanent Address **********************
11/02/24 10:54:42 PM: INFO: Information
11/02/24 10:54:58 PM: INFO: ***********  Click Element **********************
11/02/24 10:55:04 PM: INFO: ***********  Click Textbox *********************
11/02/24 10:55:09 PM: INFO: ***********  Enter Name **********************
11/02/24 10:55:12 PM: INFO: ***********  Enter Email **********************
11/02/24 10:55:16 PM: INFO: ***********  Enter Current Address **********************
11/02/24 10:55:19 PM: INFO: ***********  Enter Permanent Address **********************
11/02/24 10:55:38 PM: INFO: ***********  Click Textbox *********************
11/02/24 10:55:42 PM: INFO: ***********  Enter Name **********************
11/02/24 10:55:45 PM: INFO: ***********  Enter Email **********************
11/02/24 10:55:48 PM: INFO: ***********  Enter Current Address **********************
11/02/24 10:55:52 PM: INFO: ***********  Enter Permanent Address **********************
11/02/24 10:56:10 PM: INFO: ***********  Click Textbox *********************
11/02/24 10:56:14 PM: INFO: ***********  Enter Name **********************
11/02/24 10:56:17 PM: INFO: ***********  Enter Email **********************
11/02/24 10:56:21 PM: INFO: ***********  Enter Current Address **********************
11/02/24 10:56:24 PM: INFO: ***********  Enter Permanent Address **********************
11/02/24 11:56:51 PM: INFO: Information
11/02/24 11:57:08 PM: INFO: ***********  Click Element **********************
11/02/24 11:57:15 PM: INFO: ***********  Click Textbox *********************
11/02/24 11:57:19 PM: INFO: ***********  Enter Name **********************
11/02/24 11:57:22 PM: INFO: ***********  Enter Email **********************
11/02/24 11:57:25 PM: INFO: ***********  Enter Current Address **********************
11/02/24 11:57:29 PM: INFO: ***********  Enter Permanent Address **********************
11/02/24 11:57:47 PM: INFO: ***********  Click Textbox *********************
11/02/24 11:57:51 PM: INFO: ***********  Enter Name **********************
11/02/24 11:57:54 PM: INFO: ***********  Enter Email **********************
11/02/24 11:57:58 PM: INFO: ***********  Enter Current Address **********************
11/02/24 11:58:01 PM: INFO: ***********  Enter Permanent Address **********************
11/02/24 11:58:20 PM: INFO: ***********  Click Textbox *********************
11/02/24 11:58:24 PM: INFO: ***********  Enter Name **********************
11/02/24 11:58:27 PM: INFO: ***********  Enter Email **********************
11/02/24 11:58:30 PM: INFO: ***********  Enter Current Address **********************
11/02/24 11:58:33 PM: INFO: ***********  Enter Permanent Address **********************
11/03/24 12:01:12 AM: INFO: Information
11/03/24 12:01:27 AM: INFO: ***********  Click Element **********************
11/03/24 12:01:34 AM: INFO: ***********  Click Textbox *********************
11/03/24 12:01:40 AM: INFO: ***********  Enter Name **********************
11/03/24 12:01:43 AM: INFO: ***********  Enter Email **********************
11/03/24 12:01:47 AM: INFO: ***********  Enter Current Address **********************
11/03/24 12:01:50 AM: INFO: ***********  Enter Permanent Address **********************
11/03/24 12:04:36 AM: INFO: Information
11/03/24 12:04:51 AM: INFO: ***********  Click Element **********************
11/03/24 12:04:57 AM: INFO: ***********  Click Textbox *********************
11/03/24 12:05:04 AM: INFO: ***********  Enter Name **********************
11/03/24 12:05:07 AM: INFO: ***********  Enter Email **********************
11/03/24 12:05:10 AM: INFO: ***********  Enter Current Address **********************
11/03/24 12:05:14 AM: INFO: ***********  Enter Permanent Address **********************
11/03/24 12:06:27 AM: INFO: Information
11/03/24 12:06:40 AM: INFO: ***********  Click Element **********************
11/03/24 12:06:46 AM: INFO: ***********  Click Textbox *********************
11/03/24 12:06:50 AM: INFO: ***********  Enter Name **********************
11/03/24 12:06:53 AM: INFO: ***********  Enter Email **********************
11/03/24 12:06:57 AM: INFO: ***********  Enter Current Address **********************
11/03/24 12:07:00 AM: INFO: ***********  Enter Permanent Address **********************
